000 (39634.000.000) 03/07 02:24:28 Job submitted from host: <128.104.100.43:9618?addrs=128.104.100.43-9618+[2607-f388-107c-501-2--3]-9618&noUDP&sock=2065_881c_41>
...
001 (39634.000.000) 03/07 02:28:06 Job executing on host: <128.104.101.100:9618?addrs=128.104.101.100-9618+[2607-f388-107c-501-92b1-1cff-fe0d-c8a7]-9618&noUDP&sock=12647_5e58_3>
...
006 (39634.000.000) 03/07 02:28:15 Image size of job updated: 572
	1  -  MemoryUsage of job (MB)
	572  -  ResidentSetSize of job (KB)
...
006 (39634.000.000) 03/07 02:33:17 Image size of job updated: 2298320
	2228  -  MemoryUsage of job (MB)
	2281192  -  ResidentSetSize of job (KB)
...
006 (39634.000.000) 03/07 02:38:17 Image size of job updated: 2338548
	2268  -  MemoryUsage of job (MB)
	2321420  -  ResidentSetSize of job (KB)
...
006 (39634.000.000) 03/07 02:43:17 Image size of job updated: 2374268
	2302  -  MemoryUsage of job (MB)
	2357140  -  ResidentSetSize of job (KB)
...
006 (39634.000.000) 03/07 02:48:17 Image size of job updated: 2447296
	2374  -  MemoryUsage of job (MB)
	2430168  -  ResidentSetSize of job (KB)
...
006 (39634.000.000) 03/07 02:53:17 Image size of job updated: 2520912
	2446  -  MemoryUsage of job (MB)
	2503784  -  ResidentSetSize of job (KB)
...
006 (39634.000.000) 03/07 02:58:17 Image size of job updated: 2594920
	2518  -  MemoryUsage of job (MB)
	2577792  -  ResidentSetSize of job (KB)
...
006 (39634.000.000) 03/07 03:03:17 Image size of job updated: 2670240
	2591  -  MemoryUsage of job (MB)
	2653112  -  ResidentSetSize of job (KB)
...
006 (39634.000.000) 03/07 03:08:18 Image size of job updated: 2745992
	2665  -  MemoryUsage of job (MB)
	2728864  -  ResidentSetSize of job (KB)
...
006 (39634.000.000) 03/07 03:13:19 Image size of job updated: 2819392
	2737  -  MemoryUsage of job (MB)
	2802264  -  ResidentSetSize of job (KB)
...
006 (39634.000.000) 03/07 03:18:20 Image size of job updated: 3559288
	3459  -  MemoryUsage of job (MB)
	3541940  -  ResidentSetSize of job (KB)
...
006 (39634.000.000) 03/07 03:23:22 Image size of job updated: 3580192
	3480  -  MemoryUsage of job (MB)
	3562844  -  ResidentSetSize of job (KB)
...
006 (39634.000.000) 03/07 03:28:22 Image size of job updated: 3616776
	3516  -  MemoryUsage of job (MB)
	3599428  -  ResidentSetSize of job (KB)
...
006 (39634.000.000) 03/07 03:33:22 Image size of job updated: 3652880
	3551  -  MemoryUsage of job (MB)
	3635532  -  ResidentSetSize of job (KB)
...
006 (39634.000.000) 03/07 03:38:22 Image size of job updated: 3689164
	3586  -  MemoryUsage of job (MB)
	3671816  -  ResidentSetSize of job (KB)
...
006 (39634.000.000) 03/07 03:43:22 Image size of job updated: 3725632
	3622  -  MemoryUsage of job (MB)
	3708284  -  ResidentSetSize of job (KB)
...
006 (39634.000.000) 03/07 03:48:22 Image size of job updated: 25777556
	25156  -  MemoryUsage of job (MB)
	25759576  -  ResidentSetSize of job (KB)
...
006 (39634.000.000) 03/07 13:49:17 Image size of job updated: 25849284
	25226  -  MemoryUsage of job (MB)
	25831304  -  ResidentSetSize of job (KB)
...
006 (39634.000.000) 03/07 14:29:23 Image size of job updated: 25851332
	25228  -  MemoryUsage of job (MB)
	25833352  -  ResidentSetSize of job (KB)
...
006 (39634.000.000) 03/07 14:59:27 Image size of job updated: 25853380
	25230  -  MemoryUsage of job (MB)
	25835400  -  ResidentSetSize of job (KB)
...
006 (39634.000.000) 03/07 15:34:28 Image size of job updated: 25855428
	25232  -  MemoryUsage of job (MB)
	25837448  -  ResidentSetSize of job (KB)
...
006 (39634.000.000) 03/07 16:09:34 Image size of job updated: 25857476
	25234  -  MemoryUsage of job (MB)
	25839496  -  ResidentSetSize of job (KB)
...
022 (39634.000.000) 03/07 16:15:08 Job disconnected, attempting to reconnect
    Local schedd and job shadow died, schedd now running again
    Trying to reconnect to slot1_1@e100.chtc.wisc.edu <128.104.101.100:9618?addrs=128.104.101.100-9618+[2607-f388-107c-501-92b1-1cff-fe0d-c8a7]-9618&noUDP&sock=12647_5e58_3>
...
023 (39634.000.000) 03/07 16:15:10 Job reconnected to slot1_1@e100.chtc.wisc.edu
    startd address: <128.104.101.100:9618?addrs=128.104.101.100-9618+[2607-f388-107c-501-92b1-1cff-fe0d-c8a7]-9618&noUDP&sock=12647_5e58_3>
    starter address: <128.104.101.100:9618?addrs=128.104.101.100-9618+[2607-f388-107c-501-92b1-1cff-fe0d-c8a7]-9618&noUDP&sock=14777_7bb2_22>
...
022 (39634.000.000) 03/07 16:34:26 Job disconnected, attempting to reconnect
    Local schedd and job shadow died, schedd now running again
    Trying to reconnect to slot1_1@e100.chtc.wisc.edu <128.104.101.100:9618?addrs=128.104.101.100-9618+[2607-f388-107c-501-92b1-1cff-fe0d-c8a7]-9618&noUDP&sock=12647_5e58_3>
...
023 (39634.000.000) 03/07 16:34:26 Job reconnected to slot1_1@e100.chtc.wisc.edu
    startd address: <128.104.101.100:9618?addrs=128.104.101.100-9618+[2607-f388-107c-501-92b1-1cff-fe0d-c8a7]-9618&noUDP&sock=12647_5e58_3>
    starter address: <128.104.101.100:9618?addrs=128.104.101.100-9618+[2607-f388-107c-501-92b1-1cff-fe0d-c8a7]-9618&noUDP&sock=14777_7bb2_22>
...
005 (39634.000.000) 03/07 18:18:14 Job terminated.
	(1) Normal termination (return value 0)
		Usr 0 15:49:06, Sys 0 00:00:51  -  Run Remote Usage
		Usr 0 00:00:00, Sys 0 00:00:00  -  Run Local Usage
		Usr 0 15:49:06, Sys 0 00:00:51  -  Total Remote Usage
		Usr 0 00:00:00, Sys 0 00:00:00  -  Total Local Usage
	81503328  -  Run Bytes Sent By Job
	0  -  Run Bytes Received By Job
	81503328  -  Total Bytes Sent By Job
	3296403712  -  Total Bytes Received By Job
	Partitionable Resources :    Usage   Request          
	   Cpus                 :                  4          
	   Disk (KB)            : 10000000 104857600          
	   Memory (MB)          :    26856     51200          
...
