000 (39635.000.000) 03/07 03:11:30 Job submitted from host: <128.104.100.43:9618?addrs=128.104.100.43-9618+[2607-f388-107c-501-2--3]-9618&noUDP&sock=2065_881c_41>
...
001 (39635.000.000) 03/07 03:38:35 Job executing on host: <128.105.245.246:9618?addrs=128.105.245.246-9618&noUDP&sock=5428_62ad_3>
...
006 (39635.000.000) 03/07 03:38:44 Image size of job updated: 488
	1  -  MemoryUsage of job (MB)
	488  -  ResidentSetSize of job (KB)
...
006 (39635.000.000) 03/07 03:43:45 Image size of job updated: 572
	1  -  MemoryUsage of job (MB)
	572  -  ResidentSetSize of job (KB)
...
006 (39635.000.000) 03/07 03:53:47 Image size of job updated: 2190948
	2130  -  MemoryUsage of job (MB)
	2180384  -  ResidentSetSize of job (KB)
...
005 (39635.000.000) 03/07 03:57:36 Job terminated.
	(1) Normal termination (return value 0)
		Usr 0 00:02:12, Sys 0 00:00:17  -  Run Remote Usage
		Usr 0 00:00:00, Sys 0 00:00:00  -  Run Local Usage
		Usr 0 00:02:12, Sys 0 00:00:17  -  Total Remote Usage
		Usr 0 00:00:00, Sys 0 00:00:00  -  Total Local Usage
	1919830528  -  Run Bytes Sent By Job
	3296394752  -  Run Bytes Received By Job
	1919830528  -  Total Bytes Sent By Job
	3296394752  -  Total Bytes Received By Job
	Partitionable Resources :    Usage  Request Allocated
	   Cpus                 :                 1         1
	   Disk (KB)            : 11181997 10485760  12755540
	   Ioheavy              :                           1
	   Memory (MB)          :     2130    10240     10240
...
